<?xml version="1.0" encoding="UTF-8"?>
<testng-results ignored="0" total="1" passed="1" failed="0" skipped="0">
  <reporter-output>
  </reporter-output>
  <suite started-at="2024-09-08T15:20:26 IST" name="MyTestSuite" finished-at="2024-09-08T15:21:09 IST" duration-ms="42993">
    <groups>
    </groups>
    <test started-at="2024-09-08T15:20:26 IST" name="MyTest" finished-at="2024-09-08T15:21:09 IST" duration-ms="42993">
      <class name="tests.RegisterTest">
        <test-method is-config="true" signature="setUp(java.lang.String,java.lang.String)[pri:0, instance:tests.RegisterTest@1c32886a]" started-at="2024-09-08T15:20:27 IST" name="setUp" finished-at="2024-09-08T15:20:45 IST" duration-ms="18049" status="PASS">
          <params>
            <param index="0">
              <value>
                <![CDATA[linux]]>
              </value>
            </param>
            <param index="1">
              <value>
                <![CDATA[firefox]]>
              </value>
            </param>
          </params>
          <reporter-output>
          </reporter-output>
        </test-method> <!-- setUp -->
        <test-method signature="registerTest()[pri:0, instance:tests.RegisterTest@1c32886a]" started-at="2024-09-08T15:20:45 IST" name="registerTest" finished-at="2024-09-08T15:21:07 IST" duration-ms="22566" status="PASS">
          <reporter-output>
          </reporter-output>
        </test-method> <!-- registerTest -->
        <test-method is-config="true" signature="tearDown()[pri:0, instance:tests.RegisterTest@1c32886a]" started-at="2024-09-08T15:21:07 IST" name="tearDown" finished-at="2024-09-08T15:21:09 IST" duration-ms="1689" status="PASS">
          <reporter-output>
          </reporter-output>
        </test-method> <!-- tearDown -->
      </class> <!-- tests.RegisterTest -->
    </test> <!-- MyTest -->
  </suite> <!-- MyTestSuite -->
</testng-results>
